<?xml version="1.0" encoding="UTF-8"?>
<!-- Generated by org.testng.reporters.JUnitReportReporter -->
<testsuite hostname="Kishores-MacBook-Air.local" failures="0" tests="8" name="com.examarly.allpageautomation.TakeTestofAllSubtopics" time="2295.034" errors="1" timestamp="2022-12-28T13:32:33 IST" skipped="2">
  <testcase classname="com.examarly.allpageautomation.TakeTestofAllSubtopics" name="IndianEconomyModule" time="3.107">
    <error message="element click intercepted: Element &lt;span&gt;...&lt;/span&gt; is not clickable at point (1130, 119). Other element would receive the click: &lt;div class=&quot;banner-slide&quot;&gt;...&lt;/div&gt;
  (Session info: chrome=108.0.5359.124)
Build info: version: &#039;4.3.0&#039;, revision: &#039;a4995e2c09*&#039;
System info: host: &#039;Kishores-MacBook-Air.local&#039;, ip: &#039;fe80:0:0:0:10f4:3efd:5e03:a76f%en0&#039;, os.name: &#039;Mac OS X&#039;, os.arch: &#039;aarch64&#039;, os.version: &#039;13.0.1&#039;, java.version: &#039;18.0.2.1&#039;
Driver info: org.openqa.selenium.chrome.ChromeDriver
Command: [a566a5782f52cf4095eb44f639543cc2, clickElement {id=fe95b5c2-67d6-4626-bdb4-53c1a2c961f7}]
Capabilities {acceptInsecureCerts: false, browserName: chrome, browserVersion: 108.0.5359.124, chrome: {chromedriverVersion: 108.0.5359.71 (1e0e3868ee06..., userDataDir: /var/folders/w2/tnn1nt2x1x7...}, goog:chromeOptions: {debuggerAddress: localhost:58682}, networkConnectionEnabled: false, pageLoadStrategy: normal, platformName: MAC, proxy: Proxy(), se:cdp: ws://localhost:58682/devtoo..., se:cdpVersion: 108.0.5359.124, setWindowRect: true, strictFileInteractability: false, timeouts: {implicit: 0, pageLoad: 300000, script: 30000}, unhandledPromptBehavior: dismiss and notify, webauthn:extension:credBlob: true, webauthn:extension:largeBlob: true, webauthn:virtualAuthenticators: true}
Element: [[ChromeDriver: chrome on MAC (a566a5782f52cf4095eb44f639543cc2)] -&gt; xpath: //span[normalize-space()=&#039;Indian Economy&#039;]]
Session ID: a566a5782f52cf4095eb44f639543cc2" type="org.openqa.selenium.ElementClickInterceptedException">
      <![CDATA[org.openqa.selenium.ElementClickInterceptedException: element click intercepted: Element <span>...</span> is not clickable at point (1130, 119). Other element would receive the click: <div class="banner-slide">...</div>
  (Session info: chrome=108.0.5359.124)
Build info: version: '4.3.0', revision: 'a4995e2c09*'
System info: host: 'Kishores-MacBook-Air.local', ip: 'fe80:0:0:0:10f4:3efd:5e03:a76f%en0', os.name: 'Mac OS X', os.arch: 'aarch64', os.version: '13.0.1', java.version: '18.0.2.1'
Driver info: org.openqa.selenium.chrome.ChromeDriver
Command: [a566a5782f52cf4095eb44f639543cc2, clickElement {id=fe95b5c2-67d6-4626-bdb4-53c1a2c961f7}]
Capabilities {acceptInsecureCerts: false, browserName: chrome, browserVersion: 108.0.5359.124, chrome: {chromedriverVersion: 108.0.5359.71 (1e0e3868ee06..., userDataDir: /var/folders/w2/tnn1nt2x1x7...}, goog:chromeOptions: {debuggerAddress: localhost:58682}, networkConnectionEnabled: false, pageLoadStrategy: normal, platformName: MAC, proxy: Proxy(), se:cdp: ws://localhost:58682/devtoo..., se:cdpVersion: 108.0.5359.124, setWindowRect: true, strictFileInteractability: false, timeouts: {implicit: 0, pageLoad: 300000, script: 30000}, unhandledPromptBehavior: dismiss and notify, webauthn:extension:credBlob: true, webauthn:extension:largeBlob: true, webauthn:virtualAuthenticators: true}
Element: [[ChromeDriver: chrome on MAC (a566a5782f52cf4095eb44f639543cc2)] -> xpath: //span[normalize-space()='Indian Economy']]
Session ID: a566a5782f52cf4095eb44f639543cc2
at java.base/jdk.internal.reflect.DirectConstructorHandleAccessor.newInstance(DirectConstructorHandleAccessor.java:67)
at java.base/java.lang.reflect.Constructor.newInstanceWithCaller(Constructor.java:499)
at java.base/java.lang.reflect.Constructor.newInstance(Constructor.java:483)
at org.openqa.selenium.remote.codec.w3c.W3CHttpResponseCodec.createException(W3CHttpResponseCodec.java:200)
at org.openqa.selenium.remote.codec.w3c.W3CHttpResponseCodec.decode(W3CHttpResponseCodec.java:133)
at org.openqa.selenium.remote.codec.w3c.W3CHttpResponseCodec.decode(W3CHttpResponseCodec.java:53)
at org.openqa.selenium.remote.HttpCommandExecutor.execute(HttpCommandExecutor.java:184)
at org.openqa.selenium.remote.service.DriverCommandExecutor.invokeExecute(DriverCommandExecutor.java:167)
at org.openqa.selenium.remote.service.DriverCommandExecutor.execute(DriverCommandExecutor.java:142)
at org.openqa.selenium.remote.RemoteWebDriver.execute(RemoteWebDriver.java:569)
at org.openqa.selenium.remote.RemoteWebElement.execute(RemoteWebElement.java:257)
at org.openqa.selenium.remote.RemoteWebElement.click(RemoteWebElement.java:78)
at java.base/jdk.internal.reflect.DirectMethodHandleAccessor.invoke(DirectMethodHandleAccessor.java:104)
at java.base/java.lang.reflect.Method.invoke(Method.java:577)
at org.openqa.selenium.support.pagefactory.internal.LocatingElementHandler.invoke(LocatingElementHandler.java:52)
at jdk.proxy2/jdk.proxy2.$Proxy18.click(Unknown Source)
at com.examarly.allpage.IndianEconomyTakeTest.IndianEconomyModule(IndianEconomyTakeTest.java:270)
at com.examarly.allpageautomation.TakeTestofAllSubtopics.IndianEconomyModule(TakeTestofAllSubtopics.java:397)
at java.base/jdk.internal.reflect.DirectMethodHandleAccessor.invoke(DirectMethodHandleAccessor.java:104)
at java.base/java.lang.reflect.Method.invoke(Method.java:577)
at org.testng.internal.MethodInvocationHelper.invokeMethod(MethodInvocationHelper.java:133)
at org.testng.internal.TestInvoker.invokeMethod(TestInvoker.java:598)
at org.testng.internal.TestInvoker.invokeTestMethod(TestInvoker.java:173)
at org.testng.internal.MethodRunner.runInSequence(MethodRunner.java:46)
at org.testng.internal.TestInvoker$MethodInvocationAgent.invoke(TestInvoker.java:824)
at org.testng.internal.TestInvoker.invokeTestMethods(TestInvoker.java:146)
at org.testng.internal.TestMethodWorker.invokeTestMethods(TestMethodWorker.java:146)
at org.testng.internal.TestMethodWorker.run(TestMethodWorker.java:128)
at java.base/java.util.ArrayList.forEach(ArrayList.java:1511)
at org.testng.TestRunner.privateRun(TestRunner.java:794)
at org.testng.TestRunner.run(TestRunner.java:596)
at org.testng.SuiteRunner.runTest(SuiteRunner.java:377)
at org.testng.SuiteRunner.runSequentially(SuiteRunner.java:371)
at org.testng.SuiteRunner.privateRun(SuiteRunner.java:332)
at org.testng.SuiteRunner.run(SuiteRunner.java:276)
at org.testng.SuiteRunnerWorker.runSuite(SuiteRunnerWorker.java:53)
at org.testng.SuiteRunnerWorker.run(SuiteRunnerWorker.java:96)
at org.testng.TestNG.runSuitesSequentially(TestNG.java:1212)
at org.testng.TestNG.runSuitesLocally(TestNG.java:1134)
at org.testng.TestNG.runSuites(TestNG.java:1063)
at org.testng.TestNG.run(TestNG.java:1031)
at org.testng.remote.AbstractRemoteTestNG.run(AbstractRemoteTestNG.java:115)
at org.testng.remote.RemoteTestNG.initAndRun(RemoteTestNG.java:251)
at org.testng.remote.RemoteTestNG.main(RemoteTestNG.java:77)
]]>
    </error>
  </testcase> <!-- IndianEconomyModule -->
  <system-out/>
  <testcase classname="com.examarly.allpageautomation.TakeTestofAllSubtopics" name="Environment" time="0.000">
    <skipped/>
  </testcase> <!-- Environment -->
  <system-out/>
  <testcase classname="com.examarly.allpageautomation.TakeTestofAllSubtopics" name="AncientHistoryModule" time="205.989"/>
  <system-out/>
  <testcase classname="com.examarly.allpageautomation.TakeTestofAllSubtopics" name="IndianPolityModule" time="873.216"/>
  <system-out/>
  <testcase classname="com.examarly.allpageautomation.TakeTestofAllSubtopics" name="MedievalHistoryModule" time="280.802"/>
  <system-out/>
  <testcase classname="com.examarly.allpageautomation.TakeTestofAllSubtopics" name="ArtandCultureModule" time="242.914"/>
  <system-out/>
  <testcase classname="com.examarly.allpageautomation.TakeTestofAllSubtopics" name="GeographyModule" time="0.000">
    <skipped/>
  </testcase> <!-- GeographyModule -->
  <system-out/>
  <testcase classname="com.examarly.allpageautomation.TakeTestofAllSubtopics" name="ModernHistoryModule" time="689.006"/>
  <system-out/>
</testsuite> <!-- com.examarly.allpageautomation.TakeTestofAllSubtopics -->
